2021-12-05 23:42:17,001 INFO org.springframework.boot.StartupInfoLogger [restartedMain] Starting DemoProductApplication using Java 11.0.13 on LAPTOP-4FJTPR4A with PID 33276 (C:\Users\LuisMartinez\Documents\demos\demoProduct\build\classes\java\main started by LuisMartinez in C:\Users\LuisMartinez\Documents\demos\demoProduct)
2021-12-05 23:42:17,005 DEBUG org.springframework.boot.StartupInfoLogger [restartedMain] Running with Spring Boot v2.6.1, Spring v5.3.13
2021-12-05 23:42:17,006 INFO org.springframework.boot.SpringApplication [restartedMain] No active profile set, falling back to default profiles: default
2021-12-05 23:42:17,129 INFO org.springframework.boot.logging.DeferredLog [restartedMain] Devtools property defaults active! Set 'spring.devtools.add-properties' to 'false' to disable
2021-12-05 23:42:17,130 INFO org.springframework.boot.logging.DeferredLog [restartedMain] For additional web related logging consider setting the 'logging.level.web' property to 'DEBUG'
2021-12-05 23:42:19,388 INFO org.springframework.data.repository.config.RepositoryConfigurationDelegate [restartedMain] Bootstrapping Spring Data MongoDB repositories in DEFAULT mode.
2021-12-05 23:42:19,664 INFO org.springframework.data.repository.config.RepositoryConfigurationDelegate [restartedMain] Finished Spring Data repository scanning in 263 ms. Found 1 MongoDB repository interfaces.
2021-12-05 23:42:22,331 INFO org.springframework.boot.web.embedded.tomcat.TomcatWebServer [restartedMain] Tomcat initialized with port(s): 8080 (http)
2021-12-05 23:42:22,367 INFO org.apache.juli.logging.DirectJDKLog [restartedMain] Initializing ProtocolHandler ["http-nio-8080"]
2021-12-05 23:42:22,368 INFO org.apache.juli.logging.DirectJDKLog [restartedMain] Starting service [Tomcat]
2021-12-05 23:42:22,368 INFO org.apache.juli.logging.DirectJDKLog [restartedMain] Starting Servlet engine: [Apache Tomcat/9.0.55]
2021-12-05 23:42:22,608 INFO org.apache.juli.logging.DirectJDKLog [restartedMain] Initializing Spring embedded WebApplicationContext
2021-12-05 23:42:22,609 INFO org.springframework.boot.web.servlet.context.ServletWebServerApplicationContext [restartedMain] Root WebApplicationContext: initialization completed in 5478 ms
2021-12-05 23:42:23,556 INFO com.mongodb.diagnostics.logging.SLF4JLogger [restartedMain] Cluster created with settings {hosts=[localhost:27017], mode=SINGLE, requiredClusterType=UNKNOWN, serverSelectionTimeout='30000 ms'}
2021-12-05 23:42:23,791 INFO com.mongodb.diagnostics.logging.SLF4JLogger [cluster-ClusterId{value='61ad94af5fb7a80e4701b6bf', description='null'}-localhost:27017] Opened connection [connectionId{localValue:1, serverValue:34}] to localhost:27017
2021-12-05 23:42:23,803 INFO com.mongodb.diagnostics.logging.SLF4JLogger [cluster-ClusterId{value='61ad94af5fb7a80e4701b6bf', description='null'}-localhost:27017] Monitor thread successfully connected to server with description ServerDescription{address=localhost:27017, type=STANDALONE, state=CONNECTED, ok=true, minWireVersion=0, maxWireVersion=6, maxDocumentSize=16777216, logicalSessionTimeoutMinutes=30, roundTripTimeNanos=68517300}
2021-12-05 23:42:23,800 INFO com.mongodb.diagnostics.logging.SLF4JLogger [cluster-rtt-ClusterId{value='61ad94af5fb7a80e4701b6bf', description='null'}-localhost:27017] Opened connection [connectionId{localValue:2, serverValue:33}] to localhost:27017
2021-12-05 23:42:24,511 INFO org.springframework.boot.devtools.autoconfigure.OptionalLiveReloadServer [restartedMain] LiveReload server is running on port 35729
2021-12-05 23:42:25,671 INFO org.springframework.boot.actuate.endpoint.web.EndpointLinksResolver [restartedMain] Exposing 1 endpoint(s) beneath base path '/actuator'
2021-12-05 23:42:25,725 INFO org.apache.juli.logging.DirectJDKLog [restartedMain] Starting ProtocolHandler ["http-nio-8080"]
2021-12-05 23:42:25,784 INFO org.springframework.boot.web.embedded.tomcat.TomcatWebServer [restartedMain] Tomcat started on port(s): 8080 (http) with context path ''
2021-12-05 23:42:25,818 INFO org.springframework.boot.StartupInfoLogger [restartedMain] Started DemoProductApplication in 10.622 seconds (JVM running for 12.61)
2021-12-05 23:43:14,226 INFO org.apache.juli.logging.DirectJDKLog [http-nio-8080-exec-1] Initializing Spring DispatcherServlet 'dispatcherServlet'
2021-12-05 23:43:14,227 INFO org.springframework.web.servlet.FrameworkServlet [http-nio-8080-exec-1] Initializing Servlet 'dispatcherServlet'
2021-12-05 23:43:14,230 INFO org.springframework.web.servlet.FrameworkServlet [http-nio-8080-exec-1] Completed initialization in 2 ms
2021-12-05 23:43:14,289 INFO com.example.demoProduct.interceptor.ApiLogger [http-nio-8080-exec-1] requestId 24c15ce1-8f11-4834-aaf1-cbf09476b9ba, host localhost:8080  HttpMethod: GET, URI : /products
2021-12-05 23:43:14,318 INFO com.example.demoProduct.controller.ProductController [http-nio-8080-exec-1] action=getProducts 
2021-12-05 23:43:14,745 INFO com.mongodb.diagnostics.logging.SLF4JLogger [http-nio-8080-exec-1] Opened connection [connectionId{localValue:3, serverValue:35}] to localhost:27017
2021-12-05 23:43:14,962 INFO com.example.demoProduct.interceptor.ApiLogger [http-nio-8080-exec-1] requestId 24c15ce1-8f11-4834-aaf1-cbf09476b9ba, Handle :com.example.demoProduct.controller.ProductController#getProducts() , request take time: 666
2021-12-05 23:55:23,075 INFO org.springframework.boot.StartupInfoLogger [Test worker] Starting DemoProductApplicationTests using Java 12.0.2 on LAPTOP-4FJTPR4A with PID 38496 (started by LuisMartinez in C:\Users\LuisMartinez\Documents\demos\demoProduct)
2021-12-05 23:55:23,078 DEBUG org.springframework.boot.StartupInfoLogger [Test worker] Running with Spring Boot v2.6.1, Spring v5.3.13
2021-12-05 23:55:23,079 INFO org.springframework.boot.SpringApplication [Test worker] No active profile set, falling back to default profiles: default
2021-12-05 23:55:25,080 INFO org.springframework.data.repository.config.RepositoryConfigurationDelegate [Test worker] Bootstrapping Spring Data MongoDB repositories in DEFAULT mode.
2021-12-05 23:55:25,211 INFO org.springframework.data.repository.config.RepositoryConfigurationDelegate [Test worker] Finished Spring Data repository scanning in 118 ms. Found 1 MongoDB repository interfaces.
2021-12-05 23:55:26,935 INFO com.mongodb.diagnostics.logging.SLF4JLogger [Test worker] Cluster created with settings {hosts=[localhost:27017], mode=SINGLE, requiredClusterType=UNKNOWN, serverSelectionTimeout='30000 ms'}
2021-12-05 23:55:27,201 INFO com.mongodb.diagnostics.logging.SLF4JLogger [cluster-ClusterId{value='61ad97be06df8124f771ec03', description='null'}-localhost:27017] Opened connection [connectionId{localValue:2, serverValue:36}] to localhost:27017
2021-12-05 23:55:27,208 INFO com.mongodb.diagnostics.logging.SLF4JLogger [cluster-rtt-ClusterId{value='61ad97be06df8124f771ec03', description='null'}-localhost:27017] Opened connection [connectionId{localValue:1, serverValue:37}] to localhost:27017
2021-12-05 23:55:27,210 INFO com.mongodb.diagnostics.logging.SLF4JLogger [cluster-ClusterId{value='61ad97be06df8124f771ec03', description='null'}-localhost:27017] Monitor thread successfully connected to server with description ServerDescription{address=localhost:27017, type=STANDALONE, state=CONNECTED, ok=true, minWireVersion=0, maxWireVersion=6, maxDocumentSize=16777216, logicalSessionTimeoutMinutes=30, roundTripTimeNanos=86437500}
2021-12-05 23:55:30,102 INFO org.springframework.boot.actuate.endpoint.web.EndpointLinksResolver [Test worker] Exposing 1 endpoint(s) beneath base path '/actuator'
2021-12-05 23:55:30,227 INFO org.springframework.boot.StartupInfoLogger [Test worker] Started DemoProductApplicationTests in 7.93 seconds (JVM running for 11.756)
